c:\users\hirog\programmer\owl_engine\owl_native\x64\debug\owl_native.pch
c:\users\hirog\programmer\owl_engine\owl_native\x64\debug\vc145.pdb
c:\users\hirog\programmer\owl_engine\owl_native\x64\debug\vc145.idb
c:\users\hirog\programmer\owl_engine\owl_native\x64\debug\pch.obj
c:\users\hirog\programmer\owl_engine\owl_native\x64\debug\owl_native.obj
c:\users\hirog\programmer\owl_engine\owl_native\x64\debug\nativefunction.obj
c:\users\hirog\programmer\owl_engine\owl_native\x64\debug\dllmain.obj
c:\users\hirog\programmer\owl_engine\x64\debug\owl_native.dll
c:\users\hirog\programmer\owl_engine\x64\debug\owl_native.pdb
c:\users\hirog\programmer\owl_engine\x64\debug\owl_native.lib
c:\users\hirog\programmer\owl_engine\x64\debug\owl_native.exp
c:\users\hirog\programmer\owl_engine\owl_native\x64\debug\owl_native.ilk
c:\users\hirog\programmer\owl_engine\owl_native\x64\debug\owl_native.tlog\cl.command.1.tlog
c:\users\hirog\programmer\owl_engine\owl_native\x64\debug\owl_native.tlog\cl.items.tlog
c:\users\hirog\programmer\owl_engine\owl_native\x64\debug\owl_native.tlog\cl.read.1.tlog
c:\users\hirog\programmer\owl_engine\owl_native\x64\debug\owl_native.tlog\cl.write.1.tlog
c:\users\hirog\programmer\owl_engine\owl_native\x64\debug\owl_native.tlog\link.command.1.tlog
c:\users\hirog\programmer\owl_engine\owl_native\x64\debug\owl_native.tlog\link.read.1.tlog
c:\users\hirog\programmer\owl_engine\owl_native\x64\debug\owl_native.tlog\link.secondary.1.tlog
c:\users\hirog\programmer\owl_engine\owl_native\x64\debug\owl_native.tlog\link.write.1.tlog
